<?xml version="1.0" encoding="UTF-8"?>
<!-- Generated by org.testng.reporters.JUnitReportReporter -->
<testsuite hostname="thaju" failures="0" tests="1" name="SiteAutomation.cdkeys_m2.CheckoutByCard" time="76.012" errors="0" timestamp="2022-08-12T15:47:58 IST" skipped="0">
  <testcase classname="SiteAutomation.cdkeys_m2.CheckoutByCard" name="CheckCart" time="76.012"/>
  <system-out/>
</testsuite> <!-- SiteAutomation.cdkeys_m2.CheckoutByCard -->
